D:\DOCUMENTS\VISUAL STUDIO 2012\PROJECTS\MAPALGEBRA\MAPALGEBRA\DEBUG\BMPDATA.OBJ
D:\DOCUMENTS\VISUAL STUDIO 2012\PROJECTS\MAPALGEBRA\MAPALGEBRA\DEBUG\TEST.OBJ
D:\DOCUMENTS\VISUAL STUDIO 2012\PROJECTS\MAPALGEBRA\MAPALGEBRA\DEBUG\VC110.PDB
D:\DOCUMENTS\VISUAL STUDIO 2012\PROJECTS\MAPALGEBRA\MAPALGEBRA\DEBUG\MA.OBJ
D:\DOCUMENTS\VISUAL STUDIO 2012\PROJECTS\MAPALGEBRA\DEBUG\MAPALGEBRA.ILK
D:\DOCUMENTS\VISUAL STUDIO 2012\PROJECTS\MAPALGEBRA\DEBUG\MAPALGEBRA.EXE
D:\DOCUMENTS\VISUAL STUDIO 2012\PROJECTS\MAPALGEBRA\DEBUG\MAPALGEBRA.PDB
d:\Documents\Visual Studio 2012\Projects\MapAlgebra\MapAlgebra\Debug\BmpData.obj
d:\Documents\Visual Studio 2012\Projects\MapAlgebra\MapAlgebra\Debug\MA.obj
d:\Documents\Visual Studio 2012\Projects\MapAlgebra\MapAlgebra\Debug\test.obj
d:\Documents\Visual Studio 2012\Projects\MapAlgebra\MapAlgebra\Debug\cl.command.1.tlog
d:\Documents\Visual Studio 2012\Projects\MapAlgebra\MapAlgebra\Debug\CL.read.1.tlog
d:\Documents\Visual Studio 2012\Projects\MapAlgebra\MapAlgebra\Debug\CL.write.1.tlog
d:\Documents\Visual Studio 2012\Projects\MapAlgebra\MapAlgebra\Debug\link-cvtres.read.1.tlog
d:\Documents\Visual Studio 2012\Projects\MapAlgebra\MapAlgebra\Debug\link-cvtres.write.1.tlog
d:\Documents\Visual Studio 2012\Projects\MapAlgebra\MapAlgebra\Debug\link-rc.read.1.tlog
d:\Documents\Visual Studio 2012\Projects\MapAlgebra\MapAlgebra\Debug\link-rc.write.1.tlog
d:\Documents\Visual Studio 2012\Projects\MapAlgebra\MapAlgebra\Debug\link.command.1.tlog
d:\Documents\Visual Studio 2012\Projects\MapAlgebra\MapAlgebra\Debug\link.read.1.tlog
d:\Documents\Visual Studio 2012\Projects\MapAlgebra\MapAlgebra\Debug\link.write.1.tlog
d:\Documents\Visual Studio 2012\Projects\MapAlgebra\MapAlgebra\Debug\vc110.idb
d:\Documents\Visual Studio 2012\Projects\MapAlgebra\MapAlgebra\Debug\vc110.pdb
d:\Documents\Visual Studio 2012\Projects\MapAlgebra\Debug\MapAlgebra.pdb
d:\Documents\Visual Studio 2012\Projects\MapAlgebra\Debug\MapAlgebra.exe
d:\Documents\Visual Studio 2012\Projects\MapAlgebra\Debug\MapAlgebra.ilk
