生成启动时间为 2019/10/16 17:29:46。
     1>项目“d:\Documents\Visual Studio 2012\Projects\MapAlgebra\MapAlgebra\MapAlgebra.vcxproj”在节点 2 上(Build 个目标)。
     1>ClCompile:
         D:\VS2012\VC\bin\CL.exe /c /I"d:\Documents\Visual Studio 2012\Projects\MapAlgebra\MapAlgebra\\" /ZI /nologo /W3 /WX- /Od /Oy- /D WIN32 /D _DEBUG /D _CONSOLE /D _UNICODE /D UNICODE /Gm /EHsc /RTC1 /MDd /GS /fp:precise /Zc:wchar_t /Zc:forScope /Fo"Debug\\" /Fd"Debug\vc110.pdb" /Gd /TP /analyze- /errorReport:prompt MA.cpp
         MA.cpp
     1>d:\documents\visual studio 2012\projects\mapalgebra\mapalgebra\ma.cpp(41): warning C4996: 'fopen': This function or variable may be unsafe. Consider using fopen_s instead. To disable deprecation, use _CRT_SECURE_NO_WARNINGS. See online help for details.
                 d:\vs2012\vc\include\stdio.h(218) : 参见“fopen”的声明
     1>d:\documents\visual studio 2012\projects\mapalgebra\mapalgebra\ma.cpp(90): warning C4996: 'fopen': This function or variable may be unsafe. Consider using fopen_s instead. To disable deprecation, use _CRT_SECURE_NO_WARNINGS. See online help for details.
                 d:\vs2012\vc\include\stdio.h(218) : 参见“fopen”的声明
     1>d:\documents\visual studio 2012\projects\mapalgebra\mapalgebra\ma.cpp(95): warning C4172: 返回局部变量或临时变量的地址
     1>d:\documents\visual studio 2012\projects\mapalgebra\mapalgebra\ma.cpp(117): warning C4018: “<”: 有符号/无符号不匹配
     1>d:\documents\visual studio 2012\projects\mapalgebra\mapalgebra\ma.cpp(100): warning C4101: “colorTable”: 未引用的局部变量
     1>d:\documents\visual studio 2012\projects\mapalgebra\mapalgebra\ma.cpp(126): warning C4996: 'fopen': This function or variable may be unsafe. Consider using fopen_s instead. To disable deprecation, use _CRT_SECURE_NO_WARNINGS. See online help for details.
                 d:\vs2012\vc\include\stdio.h(218) : 参见“fopen”的声明
     1>d:\documents\visual studio 2012\projects\mapalgebra\mapalgebra\ma.cpp(140): warning C4715: “writeBmp”: 不是所有的控件路径都返回值
       Link:
         D:\VS2012\VC\bin\link.exe /ERRORREPORT:PROMPT /OUT:"d:\Documents\Visual Studio 2012\Projects\MapAlgebra\Debug\MapAlgebra.exe" /INCREMENTAL /NOLOGO kernel32.lib user32.lib gdi32.lib winspool.lib comdlg32.lib advapi32.lib shell32.lib ole32.lib oleaut32.lib uuid.lib odbc32.lib odbccp32.lib /MANIFEST /MANIFESTUAC:"level='asInvoker' uiAccess='false'" /manifest:embed /DEBUG /PDB:"d:\Documents\Visual Studio 2012\Projects\MapAlgebra\Debug\MapAlgebra.pdb" /SUBSYSTEM:CONSOLE /TLBID:1 /DYNAMICBASE /NXCOMPAT /IMPLIB:"d:\Documents\Visual Studio 2012\Projects\MapAlgebra\Debug\MapAlgebra.lib" /MACHINE:X86 Debug\BmpData.obj
         Debug\MA.obj
         Debug\test.obj
         MapAlgebra.vcxproj -> d:\Documents\Visual Studio 2012\Projects\MapAlgebra\Debug\MapAlgebra.exe
     1>已完成生成项目“d:\Documents\Visual Studio 2012\Projects\MapAlgebra\MapAlgebra\MapAlgebra.vcxproj”(Build 个目标)的操作。

生成成功。

已用时间 00:00:01.33
